<?xml version="1.0" encoding="UTF-8"?>
<testng-results ignored="0" total="1" passed="1" failed="0" skipped="0">
  <reporter-output>
    <line>
      <![CDATA[urlSolo:https://uat.dev.mitratech.com/TCE_WEBLB_OLR_02/login ]]>
    </line>
    <line>
      <![CDATA[urlDirectory:null]]>
    </line>
    <line>
      <![CDATA[browserName:chrome]]>
    </line>
    <line>
      <![CDATA[driverAgent:null]]>
    </line>
    <line>
      <![CDATA[executionEnvironment:local]]>
    </line>
    <line>
      <![CDATA[browserStackUserName:null]]>
    </line>
    <line>
      <![CDATA[browserStackAuthKey:null]]>
    </line>
    <line>
      <![CDATA[browserStackBrowserVersion:null]]>
    </line>
    <line>
      <![CDATA[browserStackOSVersion:null]]>
    </line>
    <line>
      <![CDATA[os:null]]>
    </line>
    <line>
      <![CDATA[outputPath:output]]>
    </line>
    <line>
      <![CDATA[Finding element using: xpath:-://input[@id='username']]]>
    </line>
    <line>
      <![CDATA[Finding element, try0 with locator:xpath:-://input[@id='username']]]>
    </line>
    <line>
      <![CDATA[Finding element using: xpath:-://input[@id='password']]]>
    </line>
    <line>
      <![CDATA[Finding element, try0 with locator:xpath:-://input[@id='password']]]>
    </line>
    <line>
      <![CDATA[Finding element using: name:-:submit]]>
    </line>
    <line>
      <![CDATA[Finding element, try0 with locator:name:-:submit]]>
    </line>
    <line>
      <![CDATA[Closing the Browser Successfully]]>
    </line>
  </reporter-output>
  <suite started-at="2025-11-24T15:07:49 UTC" name="Suite" finished-at="2025-11-24T15:07:59 UTC" duration-ms="10521">
    <groups>
    </groups>
    <test started-at="2025-11-24T15:07:49 UTC" name="Test" finished-at="2025-11-24T15:07:59 UTC" duration-ms="10521">
      <class name="test.Test_Login">
        <test-method is-config="true" signature="cleanUp()[pri:0, instance:test.Test_Login@618b19ad]" started-at="2025-11-24T15:07:49 UTC" name="cleanUp" finished-at="2025-11-24T15:07:49 UTC" duration-ms="4" status="PASS">
          <reporter-output>
          </reporter-output>
        </test-method> <!-- cleanUp -->
        <test-method is-config="true" signature="setUp(org.testng.ITestContext)[pri:0, instance:test.Test_Login@618b19ad]" started-at="2025-11-24T15:07:49 UTC" name="setUp" finished-at="2025-11-24T15:07:49 UTC" duration-ms="35" status="PASS">
          <params>
            <param index="0">
              <value>
                <![CDATA[org.testng.TestRunner@698fee9a]]>
              </value>
            </param>
          </params>
          <reporter-output>
          </reporter-output>
        </test-method> <!-- setUp -->
        <test-method is-config="true" signature="setup()[pri:0, instance:test.Test_Login@618b19ad]" started-at="2025-11-24T15:07:49 UTC" name="setup" finished-at="2025-11-24T15:07:49 UTC" duration-ms="4" status="PASS">
          <reporter-output>
            <line>
              <![CDATA[urlSolo:https://uat.dev.mitratech.com/TCE_WEBLB_OLR_02/login ]]>
            </line>
            <line>
              <![CDATA[urlDirectory:null]]>
            </line>
            <line>
              <![CDATA[browserName:chrome]]>
            </line>
            <line>
              <![CDATA[driverAgent:null]]>
            </line>
            <line>
              <![CDATA[executionEnvironment:local]]>
            </line>
            <line>
              <![CDATA[browserStackUserName:null]]>
            </line>
            <line>
              <![CDATA[browserStackAuthKey:null]]>
            </line>
            <line>
              <![CDATA[browserStackBrowserVersion:null]]>
            </line>
            <line>
              <![CDATA[browserStackOSVersion:null]]>
            </line>
            <line>
              <![CDATA[os:null]]>
            </line>
            <line>
              <![CDATA[outputPath:output]]>
            </line>
          </reporter-output>
        </test-method> <!-- setup -->
        <test-method signature="teamConnectLogin()[pri:0, instance:test.Test_Login@618b19ad]" started-at="2025-11-24T15:07:49 UTC" name="teamConnectLogin" finished-at="2025-11-24T15:07:59 UTC" duration-ms="10343" status="PASS">
          <reporter-output>
            <line>
              <![CDATA[Finding element using: xpath:-://input[@id='username']]]>
            </line>
            <line>
              <![CDATA[Finding element, try0 with locator:xpath:-://input[@id='username']]]>
            </line>
            <line>
              <![CDATA[Finding element using: xpath:-://input[@id='password']]]>
            </line>
            <line>
              <![CDATA[Finding element, try0 with locator:xpath:-://input[@id='password']]]>
            </line>
            <line>
              <![CDATA[Finding element using: name:-:submit]]>
            </line>
            <line>
              <![CDATA[Finding element, try0 with locator:name:-:submit]]>
            </line>
          </reporter-output>
        </test-method> <!-- teamConnectLogin -->
        <test-method is-config="true" signature="checkAlerts(org.testng.ITestResult)[pri:0, instance:test.Test_Login@618b19ad]" started-at="2025-11-24T15:07:59 UTC" name="checkAlerts" finished-at="2025-11-24T15:07:59 UTC" duration-ms="124" status="PASS">
          <params>
            <param index="0">
              <value>
                <![CDATA[[TestResult name=teamConnectLogin status=SUCCESS method=Test_Login.teamConnectLogin()[pri:0, instance:test.Test_Login@618b19ad] output=Finding element using: xpath:-://input[@id='username']]]]>
              </value>
            </param>
          </params>
          <reporter-output>
          </reporter-output>
        </test-method> <!-- checkAlerts -->
        <test-method is-config="true" signature="quitBrowser()[pri:0, instance:test.Test_Login@618b19ad]" started-at="2025-11-24T15:07:59 UTC" name="quitBrowser" finished-at="2025-11-24T15:07:59 UTC" duration-ms="1" status="PASS">
          <reporter-output>
            <line>
              <![CDATA[Closing the Browser Successfully]]>
            </line>
          </reporter-output>
        </test-method> <!-- quitBrowser -->
      </class> <!-- test.Test_Login -->
    </test> <!-- Test -->
  </suite> <!-- Suite -->
</testng-results>
