<?xml version="1.0" encoding="UTF-8"?>
<!-- Generated by org.testng.reporters.JUnitReportReporter -->
<testsuite hostname="runnervmg1sw1" failures="0" tests="1" name="test.Test_Login" time="10.467" errors="0" timestamp="2025-11-24T15:07:59 UTC" skipped="0">
  <testcase classname="test.Test_Login" name="teamConnectLogin" time="10.467"/>
  <system-out>
    <![CDATA[Finding element using: xpath:-://input[@id='username']
Finding element, try0 with locator:xpath:-://input[@id='username']
Finding element using: xpath:-://input[@id='password']
Finding element, try0 with locator:xpath:-://input[@id='password']
Finding element using: name:-:submit
Finding element, try0 with locator:name:-:submit]]>
  </system-out>
</testsuite> <!-- test.Test_Login -->
