<?xml version="1.0" encoding="UTF-8"?>
<testng-results ignored="0" total="1" passed="0" failed="1" skipped="0">
  <reporter-output>
    <line>
      <![CDATA[urlSolo:https://uat.dev.mitratech.com/TCE_WEBLB_OLR_02/login ]]>
    </line>
    <line>
      <![CDATA[urlDirectory:null]]>
    </line>
    <line>
      <![CDATA[browserName:chrome]]>
    </line>
    <line>
      <![CDATA[driverAgent:null]]>
    </line>
    <line>
      <![CDATA[executionEnvironment:local]]>
    </line>
    <line>
      <![CDATA[browserStackUserName:null]]>
    </line>
    <line>
      <![CDATA[browserStackAuthKey:null]]>
    </line>
    <line>
      <![CDATA[browserStackBrowserVersion:null]]>
    </line>
    <line>
      <![CDATA[browserStackOSVersion:null]]>
    </line>
    <line>
      <![CDATA[os:null]]>
    </line>
    <line>
      <![CDATA[outputPath:output]]>
    </line>
    <line>
      <![CDATA[11/24 14:24:58]]>
    </line>
    <line>
      <![CDATA[Failed fetching URL and screenshot due to error:Cannot invoke "org.openqa.selenium.TakesScreenshot.getScreenshotAs(org.openqa.selenium.OutputType)" because "this.driver" is null]]>
    </line>
    <line>
      <![CDATA[Closing the Browser Successfully]]>
    </line>
  </reporter-output>
  <suite started-at="2025-11-24T14:24:54 UTC" name="Suite" finished-at="2025-11-24T14:24:58 UTC" duration-ms="4667">
    <groups>
    </groups>
    <test started-at="2025-11-24T14:24:54 UTC" name="Test" finished-at="2025-11-24T14:24:58 UTC" duration-ms="4667">
      <class name="test.Test_Login">
        <test-method is-config="true" signature="cleanUp()[pri:0, instance:test.Test_Login@618b19ad]" started-at="2025-11-24T14:24:54 UTC" name="cleanUp" finished-at="2025-11-24T14:24:54 UTC" duration-ms="4" status="PASS">
          <reporter-output>
          </reporter-output>
        </test-method> <!-- cleanUp -->
        <test-method is-config="true" signature="setUp(org.testng.ITestContext)[pri:0, instance:test.Test_Login@618b19ad]" started-at="2025-11-24T14:24:54 UTC" name="setUp" finished-at="2025-11-24T14:24:54 UTC" duration-ms="33" status="PASS">
          <params>
            <param index="0">
              <value>
                <![CDATA[org.testng.TestRunner@65f2f9b0]]>
              </value>
            </param>
          </params>
          <reporter-output>
          </reporter-output>
        </test-method> <!-- setUp -->
        <test-method is-config="true" signature="setup()[pri:0, instance:test.Test_Login@618b19ad]" started-at="2025-11-24T14:24:54 UTC" name="setup" finished-at="2025-11-24T14:24:54 UTC" duration-ms="5" status="PASS">
          <reporter-output>
            <line>
              <![CDATA[urlSolo:https://uat.dev.mitratech.com/TCE_WEBLB_OLR_02/login ]]>
            </line>
            <line>
              <![CDATA[urlDirectory:null]]>
            </line>
            <line>
              <![CDATA[browserName:chrome]]>
            </line>
            <line>
              <![CDATA[driverAgent:null]]>
            </line>
            <line>
              <![CDATA[executionEnvironment:local]]>
            </line>
            <line>
              <![CDATA[browserStackUserName:null]]>
            </line>
            <line>
              <![CDATA[browserStackAuthKey:null]]>
            </line>
            <line>
              <![CDATA[browserStackBrowserVersion:null]]>
            </line>
            <line>
              <![CDATA[browserStackOSVersion:null]]>
            </line>
            <line>
              <![CDATA[os:null]]>
            </line>
            <line>
              <![CDATA[outputPath:output]]>
            </line>
          </reporter-output>
        </test-method> <!-- setup -->
        <test-method signature="teamConnectLogin()[pri:0, instance:test.Test_Login@618b19ad]" started-at="2025-11-24T14:24:54 UTC" name="teamConnectLogin" finished-at="2025-11-24T14:24:58 UTC" duration-ms="4607" status="FAIL">
          <exception class="org.openqa.selenium.SessionNotCreatedException">
            <message>
              <![CDATA[Could not start a new session. Response code 500. Message: session not created: Chrome instance exited. Examine ChromeDriver verbose log to determine the cause.
Build info: version: '4.3.0', revision: 'a4995e2c09*'
System info: host: 'runnervmg1sw1', ip: '10.1.1.56', os.name: 'Linux', os.arch: 'amd64', os.version: '6.11.0-1018-azure', java.version: '17.0.17'
Driver info: org.openqa.selenium.chrome.ChromeDriver
Command: [null, newSession {capabilities=[Capabilities {browserName: chrome, goog:chromeOptions: {args: [--test-type, --disable-extensions, --start-maximized, --remote-allow-origins=*], extensions: []}}], desiredCapabilities=Capabilities {browserName: chrome, goog:chromeOptions: {args: [--test-type, --disable-extensions, --start-maximized, --remote-allow-origins=*], extensions: []}}}]]]>
            </message>
            <full-stacktrace>
              <![CDATA[org.openqa.selenium.SessionNotCreatedException: Could not start a new session. Response code 500. Message: session not created: Chrome instance exited. Examine ChromeDriver verbose log to determine the cause.
Build info: version: '4.3.0', revision: 'a4995e2c09*'
System info: host: 'runnervmg1sw1', ip: '10.1.1.56', os.name: 'Linux', os.arch: 'amd64', os.version: '6.11.0-1018-azure', java.version: '17.0.17'
Driver info: org.openqa.selenium.chrome.ChromeDriver
Command: [null, newSession {capabilities=[Capabilities {browserName: chrome, goog:chromeOptions: {args: [--test-type, --disable-extensions, --start-maximized, --remote-allow-origins=*], extensions: []}}], desiredCapabilities=Capabilities {browserName: chrome, goog:chromeOptions: {args: [--test-type, --disable-extensions, --start-maximized, --remote-allow-origins=*], extensions: []}}}]
at org.openqa.selenium.remote.ProtocolHandshake.createSession(ProtocolHandshake.java:144)
at org.openqa.selenium.remote.ProtocolHandshake.createSession(ProtocolHandshake.java:102)
at org.openqa.selenium.remote.ProtocolHandshake.createSession(ProtocolHandshake.java:67)
at org.openqa.selenium.remote.HttpCommandExecutor.execute(HttpCommandExecutor.java:156)
at org.openqa.selenium.remote.service.DriverCommandExecutor.invokeExecute(DriverCommandExecutor.java:167)
at org.openqa.selenium.remote.service.DriverCommandExecutor.execute(DriverCommandExecutor.java:142)
at org.openqa.selenium.remote.RemoteWebDriver.execute(RemoteWebDriver.java:569)
at org.openqa.selenium.remote.RemoteWebDriver.startSession(RemoteWebDriver.java:264)
at org.openqa.selenium.remote.RemoteWebDriver.<init>(RemoteWebDriver.java:179)
at org.openqa.selenium.chromium.ChromiumDriver.<init>(ChromiumDriver.java:101)
at org.openqa.selenium.chrome.ChromeDriver.<init>(ChromeDriver.java:81)
at org.openqa.selenium.chrome.ChromeDriver.<init>(ChromeDriver.java:70)
at framework_library.AppLibrary.getDriverInstance(AppLibrary.java:183)
at test.Test_Login.teamConnectLogin(Test_Login.java:23)
at java.base/jdk.internal.reflect.NativeMethodAccessorImpl.invoke0(Native Method)
at java.base/jdk.internal.reflect.NativeMethodAccessorImpl.invoke(NativeMethodAccessorImpl.java:77)
at java.base/jdk.internal.reflect.DelegatingMethodAccessorImpl.invoke(DelegatingMethodAccessorImpl.java:43)
at java.base/java.lang.reflect.Method.invoke(Method.java:569)
at org.testng.internal.invokers.MethodInvocationHelper.invokeMethod(MethodInvocationHelper.java:136)
at org.testng.internal.invokers.TestInvoker.invokeMethod(TestInvoker.java:658)
at org.testng.internal.invokers.TestInvoker.invokeTestMethod(TestInvoker.java:219)
at org.testng.internal.invokers.MethodRunner.runInSequence(MethodRunner.java:50)
at org.testng.internal.invokers.TestInvoker$MethodInvocationAgent.invoke(TestInvoker.java:923)
at org.testng.internal.invokers.TestInvoker.invokeTestMethods(TestInvoker.java:192)
at org.testng.internal.invokers.TestMethodWorker.invokeTestMethods(TestMethodWorker.java:146)
at org.testng.internal.invokers.TestMethodWorker.run(TestMethodWorker.java:128)
at java.base/java.util.ArrayList.forEach(ArrayList.java:1511)
at org.testng.TestRunner.privateRun(TestRunner.java:808)
at org.testng.TestRunner.run(TestRunner.java:603)
at org.testng.SuiteRunner.runTest(SuiteRunner.java:429)
at org.testng.SuiteRunner.runSequentially(SuiteRunner.java:423)
at org.testng.SuiteRunner.privateRun(SuiteRunner.java:383)
at org.testng.SuiteRunner.run(SuiteRunner.java:326)
at org.testng.SuiteRunnerWorker.runSuite(SuiteRunnerWorker.java:52)
at org.testng.SuiteRunnerWorker.run(SuiteRunnerWorker.java:95)
at org.testng.TestNG.runSuitesSequentially(TestNG.java:1249)
at org.testng.TestNG.runSuitesLocally(TestNG.java:1169)
at org.testng.TestNG.runSuites(TestNG.java:1092)
at org.testng.TestNG.run(TestNG.java:1060)
at org.apache.maven.surefire.testng.TestNGExecutor.run(TestNGExecutor.java:283)
at org.apache.maven.surefire.testng.TestNGXmlTestSuite.execute(TestNGXmlTestSuite.java:75)
at org.apache.maven.surefire.testng.TestNGProvider.invoke(TestNGProvider.java:120)
at org.apache.maven.surefire.booter.ForkedBooter.invokeProviderInSameClassLoader(ForkedBooter.java:384)
at org.apache.maven.surefire.booter.ForkedBooter.runSuitesInProcess(ForkedBooter.java:345)
at org.apache.maven.surefire.booter.ForkedBooter.execute(ForkedBooter.java:126)
at org.apache.maven.surefire.booter.ForkedBooter.main(ForkedBooter.java:418)
]]>
            </full-stacktrace>
          </exception> <!-- org.openqa.selenium.SessionNotCreatedException -->
          <reporter-output>
          </reporter-output>
        </test-method> <!-- teamConnectLogin -->
        <test-method is-config="true" signature="checkAlerts(org.testng.ITestResult)[pri:0, instance:test.Test_Login@618b19ad]" started-at="2025-11-24T14:24:58 UTC" name="checkAlerts" finished-at="2025-11-24T14:24:58 UTC" duration-ms="3" status="FAIL">
          <params>
            <param index="0">
              <value>
                <![CDATA[[TestResult name=teamConnectLogin status=FAILURE method=Test_Login.teamConnectLogin()[pri:0, instance:test.Test_Login@618b19ad] output={null}]]]>
              </value>
            </param>
          </params>
          <exception class="java.lang.NullPointerException">
            <message>
              <![CDATA[Cannot invoke "org.openqa.selenium.WebDriver.switchTo()" because the return value of "framework_library.AppLibrary.getCurrentDriverInstance()" is null]]>
            </message>
            <full-stacktrace>
              <![CDATA[java.lang.NullPointerException: Cannot invoke "org.openqa.selenium.WebDriver.switchTo()" because the return value of "framework_library.AppLibrary.getCurrentDriverInstance()" is null
at framework_library.TestBase.checkAlerts(TestBase.java:159)
at java.base/jdk.internal.reflect.NativeMethodAccessorImpl.invoke0(Native Method)
at java.base/jdk.internal.reflect.NativeMethodAccessorImpl.invoke(NativeMethodAccessorImpl.java:77)
at java.base/jdk.internal.reflect.DelegatingMethodAccessorImpl.invoke(DelegatingMethodAccessorImpl.java:43)
at java.base/java.lang.reflect.Method.invoke(Method.java:569)
at org.testng.internal.invokers.MethodInvocationHelper.invokeMethod(MethodInvocationHelper.java:136)
at org.testng.internal.invokers.MethodInvocationHelper.invokeMethodConsideringTimeout(MethodInvocationHelper.java:65)
at org.testng.internal.invokers.ConfigInvoker.invokeConfigurationMethod(ConfigInvoker.java:381)
at org.testng.internal.invokers.ConfigInvoker.invokeConfigurations(ConfigInvoker.java:319)
at org.testng.internal.invokers.TestInvoker.runConfigMethods(TestInvoker.java:781)
at org.testng.internal.invokers.TestInvoker.runAfterConfigurations(TestInvoker.java:750)
at org.testng.internal.invokers.TestInvoker.invokeMethod(TestInvoker.java:732)
at org.testng.internal.invokers.TestInvoker.invokeTestMethod(TestInvoker.java:219)
at org.testng.internal.invokers.MethodRunner.runInSequence(MethodRunner.java:50)
at org.testng.internal.invokers.TestInvoker$MethodInvocationAgent.invoke(TestInvoker.java:923)
at org.testng.internal.invokers.TestInvoker.invokeTestMethods(TestInvoker.java:192)
at org.testng.internal.invokers.TestMethodWorker.invokeTestMethods(TestMethodWorker.java:146)
at org.testng.internal.invokers.TestMethodWorker.run(TestMethodWorker.java:128)
at java.base/java.util.ArrayList.forEach(ArrayList.java:1511)
at org.testng.TestRunner.privateRun(TestRunner.java:808)
at org.testng.TestRunner.run(TestRunner.java:603)
at org.testng.SuiteRunner.runTest(SuiteRunner.java:429)
at org.testng.SuiteRunner.runSequentially(SuiteRunner.java:423)
at org.testng.SuiteRunner.privateRun(SuiteRunner.java:383)
at org.testng.SuiteRunner.run(SuiteRunner.java:326)
at org.testng.SuiteRunnerWorker.runSuite(SuiteRunnerWorker.java:52)
at org.testng.SuiteRunnerWorker.run(SuiteRunnerWorker.java:95)
at org.testng.TestNG.runSuitesSequentially(TestNG.java:1249)
at org.testng.TestNG.runSuitesLocally(TestNG.java:1169)
at org.testng.TestNG.runSuites(TestNG.java:1092)
at org.testng.TestNG.run(TestNG.java:1060)
at org.apache.maven.surefire.testng.TestNGExecutor.run(TestNGExecutor.java:283)
at org.apache.maven.surefire.testng.TestNGXmlTestSuite.execute(TestNGXmlTestSuite.java:75)
at org.apache.maven.surefire.testng.TestNGProvider.invoke(TestNGProvider.java:120)
at org.apache.maven.surefire.booter.ForkedBooter.invokeProviderInSameClassLoader(ForkedBooter.java:384)
at org.apache.maven.surefire.booter.ForkedBooter.runSuitesInProcess(ForkedBooter.java:345)
at org.apache.maven.surefire.booter.ForkedBooter.execute(ForkedBooter.java:126)
at org.apache.maven.surefire.booter.ForkedBooter.main(ForkedBooter.java:418)
]]>
            </full-stacktrace>
          </exception> <!-- java.lang.NullPointerException -->
          <reporter-output>
            <line>
              <![CDATA[11/24 14:24:58]]>
            </line>
            <line>
              <![CDATA[Failed fetching URL and screenshot due to error:Cannot invoke "org.openqa.selenium.TakesScreenshot.getScreenshotAs(org.openqa.selenium.OutputType)" because "this.driver" is null]]>
            </line>
          </reporter-output>
        </test-method> <!-- checkAlerts -->
        <test-method is-config="true" signature="quitBrowser()[pri:0, instance:test.Test_Login@618b19ad]" started-at="2025-11-24T14:24:58 UTC" name="quitBrowser" finished-at="2025-11-24T14:24:58 UTC" duration-ms="0" status="PASS">
          <reporter-output>
            <line>
              <![CDATA[Closing the Browser Successfully]]>
            </line>
          </reporter-output>
        </test-method> <!-- quitBrowser -->
      </class> <!-- test.Test_Login -->
    </test> <!-- Test -->
  </suite> <!-- Suite -->
</testng-results>
